<?xml version="1.0" encoding="UTF-8"?>
<testng-results ignored="0" total="1" passed="1" failed="0" skipped="0">
  <reporter-output>
  </reporter-output>
  <suite started-at="2023-04-04T12:27:00 IST" name="Suite" finished-at="2023-04-04T12:27:00 IST" duration-ms="57">
    <groups>
    </groups>
    <test started-at="2023-04-04T12:27:00 IST" name="Test" finished-at="2023-04-04T12:27:00 IST" duration-ms="57">
      <class name="practice.Parameters">
        <test-method signature="m1()[pri:0, instance:practice.Parameters@3a44431a]" started-at="2023-04-04T12:27:00 IST" name="m1" finished-at="2023-04-04T12:27:00 IST" duration-ms="9" status="PASS">
          <reporter-output>
          </reporter-output>
        </test-method> <!-- m1 -->
      </class> <!-- practice.Parameters -->
    </test> <!-- Test -->
  </suite> <!-- Suite -->
</testng-results>
